[debug] [2025-03-05T04:31:24.215Z] ----------------------------------------------------------------------
[debug] [2025-03-05T04:31:24.217Z] Command:       C:\Program Files\nodejs\node.exe C:\Users\umbra\AppData\Roaming\npm\node_modules\firebase-tools\lib\bin\firebase.js init functions
[debug] [2025-03-05T04:31:24.217Z] CLI Version:   13.32.0
[debug] [2025-03-05T04:31:24.218Z] Platform:      win32
[debug] [2025-03-05T04:31:24.218Z] Node Version:  v20.17.0
[debug] [2025-03-05T04:31:24.218Z] Time:          Wed Mar 05 2025 10:01:24 GMT+0530 (India Standard Time)
[debug] [2025-03-05T04:31:24.218Z] ----------------------------------------------------------------------
[debug] 
[debug] [2025-03-05T04:31:24.227Z] > command requires scopes: ["email","openid","https://www.googleapis.com/auth/cloudplatformprojects.readonly","https://www.googleapis.com/auth/firebase","https://www.googleapis.com/auth/cloud-platform"]
[debug] [2025-03-05T04:31:24.227Z] > authorizing via signed-in user (rucha.umbrajkar@cumminscollege.in)
[info] 
     ######## #### ########  ######## ########     ###     ######  ########
     ##        ##  ##     ## ##       ##     ##  ##   ##  ##       ##
     ######    ##  ########  ######   ########  #########  ######  ######
     ##        ##  ##    ##  ##       ##     ## ##     ##       ## ##
     ##       #### ##     ## ######## ########  ##     ##  ######  ########

You're about to initialize a Firebase project in this directory:

  C:\CitiBridge\MLHackathon

Before we get started, keep in mind:

  * You are currently outside your home directory

[info] 
=== Project Setup
[info] 
[info] First, let's associate this project directory with a Firebase project.
[info] You can create multiple project aliases by running firebase use --add, 
[info] but for now we'll just set up a default project.
[info] 
[debug] [2025-03-05T04:55:08.276Z] Checked if tokens are valid: true, expires at: 1741152354349
[debug] [2025-03-05T04:55:08.278Z] Checked if tokens are valid: true, expires at: 1741152354349
[debug] [2025-03-05T04:55:08.296Z] >>> [apiv2][query] GET https://firebase.googleapis.com/v1beta1/projects pageSize=100
[debug] [2025-03-05T04:55:09.502Z] <<< [apiv2][status] GET https://firebase.googleapis.com/v1beta1/projects 200
[debug] [2025-03-05T04:55:09.502Z] <<< [apiv2][body] GET https://firebase.googleapis.com/v1beta1/projects [omitted]
[info] i  Using project cakeshop-3e86a (cakeshop) 
[info] 
=== Functions Setup
[debug] [2025-03-05T04:55:09.702Z] > command requires scopes: ["email","openid","https://www.googleapis.com/auth/cloudplatformprojects.readonly","https://www.googleapis.com/auth/firebase","https://www.googleapis.com/auth/cloud-platform"]
[debug] [2025-03-05T04:55:09.702Z] > authorizing via signed-in user (rucha.umbrajkar@cumminscollege.in)
[debug] [2025-03-05T04:55:09.703Z] [iam] checking project cakeshop-3e86a for permissions ["firebase.projects.get"]
[debug] [2025-03-05T04:55:09.704Z] Checked if tokens are valid: true, expires at: 1741152354349
[debug] [2025-03-05T04:55:09.704Z] Checked if tokens are valid: true, expires at: 1741152354349
[debug] [2025-03-05T04:55:09.704Z] >>> [apiv2][query] POST https://cloudresourcemanager.googleapis.com/v1/projects/cakeshop-3e86a:testIamPermissions [none]
[debug] [2025-03-05T04:55:09.704Z] >>> [apiv2][(partial)header] POST https://cloudresourcemanager.googleapis.com/v1/projects/cakeshop-3e86a:testIamPermissions x-goog-quota-user=projects/cakeshop-3e86a
[debug] [2025-03-05T04:55:09.705Z] >>> [apiv2][body] POST https://cloudresourcemanager.googleapis.com/v1/projects/cakeshop-3e86a:testIamPermissions {"permissions":["firebase.projects.get"]}
[debug] [2025-03-05T04:55:11.275Z] <<< [apiv2][status] POST https://cloudresourcemanager.googleapis.com/v1/projects/cakeshop-3e86a:testIamPermissions 200
[debug] [2025-03-05T04:55:11.275Z] <<< [apiv2][body] POST https://cloudresourcemanager.googleapis.com/v1/projects/cakeshop-3e86a:testIamPermissions {"permissions":["firebase.projects.get"]}
[debug] [2025-03-05T04:55:11.276Z] Checked if tokens are valid: true, expires at: 1741152354349
[debug] [2025-03-05T04:55:11.276Z] Checked if tokens are valid: true, expires at: 1741152354349
[debug] [2025-03-05T04:55:11.276Z] Checked if tokens are valid: true, expires at: 1741152354349
[debug] [2025-03-05T04:55:11.276Z] Checked if tokens are valid: true, expires at: 1741152354349
[debug] [2025-03-05T04:55:11.276Z] >>> [apiv2][query] GET https://serviceusage.googleapis.com/v1/projects/cakeshop-3e86a/services/cloudfunctions.googleapis.com [none]
[debug] [2025-03-05T04:55:11.277Z] >>> [apiv2][(partial)header] GET https://serviceusage.googleapis.com/v1/projects/cakeshop-3e86a/services/cloudfunctions.googleapis.com x-goog-quota-user=projects/cakeshop-3e86a
[debug] [2025-03-05T04:55:11.278Z] >>> [apiv2][query] GET https://serviceusage.googleapis.com/v1/projects/cakeshop-3e86a/services/runtimeconfig.googleapis.com [none]
[debug] [2025-03-05T04:55:11.278Z] >>> [apiv2][(partial)header] GET https://serviceusage.googleapis.com/v1/projects/cakeshop-3e86a/services/runtimeconfig.googleapis.com x-goog-quota-user=projects/cakeshop-3e86a
[debug] [2025-03-05T04:55:12.089Z] <<< [apiv2][status] GET https://serviceusage.googleapis.com/v1/projects/cakeshop-3e86a/services/runtimeconfig.googleapis.com 200
[debug] [2025-03-05T04:55:12.090Z] <<< [apiv2][body] GET https://serviceusage.googleapis.com/v1/projects/cakeshop-3e86a/services/runtimeconfig.googleapis.com [omitted]
[debug] [2025-03-05T04:55:13.335Z] <<< [apiv2][status] GET https://serviceusage.googleapis.com/v1/projects/cakeshop-3e86a/services/cloudfunctions.googleapis.com 200
[debug] [2025-03-05T04:55:13.335Z] <<< [apiv2][body] GET https://serviceusage.googleapis.com/v1/projects/cakeshop-3e86a/services/cloudfunctions.googleapis.com [omitted]
[debug] [2025-03-05T04:55:13.336Z] Checked if tokens are valid: true, expires at: 1741152354349
[debug] [2025-03-05T04:55:13.336Z] Checked if tokens are valid: true, expires at: 1741152354349
[debug] [2025-03-05T04:55:13.337Z] >>> [apiv2][query] POST https://serviceusage.googleapis.com/v1/projects/cakeshop-3e86a/services/cloudfunctions.googleapis.com:enable [none]
[debug] [2025-03-05T04:55:13.337Z] >>> [apiv2][(partial)header] POST https://serviceusage.googleapis.com/v1/projects/cakeshop-3e86a/services/cloudfunctions.googleapis.com:enable x-goog-quota-user=projects/cakeshop-3e86a
[debug] [2025-03-05T04:55:14.155Z] <<< [apiv2][status] POST https://serviceusage.googleapis.com/v1/projects/cakeshop-3e86a/services/cloudfunctions.googleapis.com:enable 200
[debug] [2025-03-05T04:55:14.155Z] <<< [apiv2][body] POST https://serviceusage.googleapis.com/v1/projects/cakeshop-3e86a/services/cloudfunctions.googleapis.com:enable [omitted]
[debug] [2025-03-05T04:55:24.166Z] Checked if tokens are valid: true, expires at: 1741152354349
[debug] [2025-03-05T04:55:24.167Z] Checked if tokens are valid: true, expires at: 1741152354349
[debug] [2025-03-05T04:55:24.167Z] >>> [apiv2][query] GET https://serviceusage.googleapis.com/v1/projects/cakeshop-3e86a/services/cloudfunctions.googleapis.com [none]
[debug] [2025-03-05T04:55:24.167Z] >>> [apiv2][(partial)header] GET https://serviceusage.googleapis.com/v1/projects/cakeshop-3e86a/services/cloudfunctions.googleapis.com x-goog-quota-user=projects/cakeshop-3e86a
[debug] [2025-03-05T04:55:25.991Z] <<< [apiv2][status] GET https://serviceusage.googleapis.com/v1/projects/cakeshop-3e86a/services/cloudfunctions.googleapis.com 200
[debug] [2025-03-05T04:55:25.992Z] <<< [apiv2][body] GET https://serviceusage.googleapis.com/v1/projects/cakeshop-3e86a/services/cloudfunctions.googleapis.com [omitted]
[info] Let's create a new codebase for your functions.
[info] A directory corresponding to the codebase will be created in your project
[info] with sample code pre-configured.

[info] See https://firebase.google.com/docs/functions/organize-functions for
[info] more information on organizing your functions using codebases.

[info] Functions can be deployed with firebase deploy.

